<?xml version="1.0" encoding="UTF-8"?>
<!-- Generated by org.testng.reporters.JUnitXMLReporter -->
<testsuite ignored="0" hostname="MARK-IV" failures="0" tests="3" name="Surefire test" time="0.08" errors="0" timestamp="2022-01-15T21:54:10 EET">
  <testcase classname="Deuteri_Ergasia.OpenAddressHashTableTest" name="Test1" time="0.043"/>
  <testcase classname="Deuteri_Ergasia.OpenAddressHashTableTest" name="Test2" time="0.005"/>
  <testcase classname="Deuteri_Ergasia.OpenAddressHashTableTest" name="Test3" time="0.007"/>
</testsuite> <!-- Surefire test -->
