<?xml version="1.0" encoding="UTF-8"?>
<!-- Generated by org.testng.reporters.JUnitXMLReporter -->
<testsuite ignored="0" hostname="MARK-IV" failures="0" tests="3" name="Surefire test" time="0.09" errors="0" timestamp="2022-01-12T17:34:09 EET">
  <testcase classname="Deuteri_Ergasia.OpenAddressHashTableTest" name="Test1" time="0.064"/>
  <testcase classname="Deuteri_Ergasia.OpenAddressHashTableTest" name="Test2" time="0.0"/>
  <testcase classname="Deuteri_Ergasia.OpenAddressHashTableTest" name="Test3" time="0.0"/>
</testsuite> <!-- Surefire test -->
