<?xml version="1.0" encoding="UTF-8"?>
<testsuite xmlns:xsi="http://www.w3.org/2001/XMLSchema-instance" xsi:noNamespaceSchemaLocation="https://maven.apache.org/surefire/maven-surefire-plugin/xsd/surefire-test-report.xsd" name="Deuteri_Ergasia.OpenAddressHashTableTest" time="0.398" tests="3" errors="0" skipped="0" failures="0">
  <properties>
[...]
</properties>
  <testcase name="Test1" classname="Deuteri_Ergasia.OpenAddressHashTableTest" time="0.042"/>
  <testcase name="Test2" classname="Deuteri_Ergasia.OpenAddressHashTableTest" time="0.005"/>
  <testcase name="Test3" classname="Deuteri_Ergasia.OpenAddressHashTableTest" time="0.007"/>
</testsuite>